2018-07-30 13:37:00.214  INFO 6488 --- [main] o.s.w.s.handler.SimpleUrlHandlerMapping  : Mapped URL path [/**/favicon.ico] onto handler of type [class org.springframework.web.servlet.resource.ResourceHttpRequestHandler]
2018-07-30 13:37:00.468  INFO 6488 --- [main] s.w.s.m.m.a.RequestMappingHandlerAdapter : Looking for @ControllerAdvice: org.springframework.boot.web.servlet.context.AnnotationConfigServletWebServerApplicationContext@ddbd7e: startup date [Mon Jul 30 13:36:58 CST 2018]; root of context hierarchy
2018-07-30 13:37:00.525  INFO 6488 --- [main] s.w.s.m.m.a.RequestMappingHandlerMapping : Mapped "{[/findCompanyAgent]}" onto public java.util.Map<java.lang.String, java.lang.Object> com.example.controller.CompanyAgentController.findCompanyAgent()
2018-07-30 13:37:00.527  INFO 6488 --- [main] s.w.s.m.m.a.RequestMappingHandlerMapping : Mapped "{[/index]}" onto public java.lang.String com.example.controller.IndexController.index()
2018-07-30 13:37:00.528  INFO 6488 --- [main] s.w.s.m.m.a.RequestMappingHandlerMapping : Mapped "{[/hello]}" onto public java.lang.String com.example.controller.IndexController.hello(java.lang.Integer)
2018-07-30 13:37:00.528  INFO 6488 --- [main] s.w.s.m.m.a.RequestMappingHandlerMapping : Mapped "{[/]}" onto public java.lang.String com.example.controller.IndexHelloController.about(java.util.Map<java.lang.String, java.lang.Object>)
2018-07-30 13:37:00.529  INFO 6488 --- [main] s.w.s.m.m.a.RequestMappingHandlerMapping : Mapped "{[/ftlIndex]}" onto public java.lang.String com.example.controller.IndexHelloController.ftlIndex(java.util.Map<java.lang.String, java.lang.Object>)
2018-07-30 13:37:00.532  INFO 6488 --- [main] s.w.s.m.m.a.RequestMappingHandlerMapping : Mapped "{[/error]}" onto public org.springframework.http.ResponseEntity<java.util.Map<java.lang.String, java.lang.Object>> org.springframework.boot.autoconfigure.web.servlet.error.BasicErrorController.error(javax.servlet.http.HttpServletRequest)
2018-07-30 13:37:00.533  INFO 6488 --- [main] s.w.s.m.m.a.RequestMappingHandlerMapping : Mapped "{[/error],produces=[text/html]}" onto public org.springframework.web.servlet.ModelAndView org.springframework.boot.autoconfigure.web.servlet.error.BasicErrorController.errorHtml(javax.servlet.http.HttpServletRequest,javax.servlet.http.HttpServletResponse)
2018-07-30 13:37:00.575  INFO 6488 --- [main] o.s.w.s.handler.SimpleUrlHandlerMapping  : Mapped URL path [/webjars/**] onto handler of type [class org.springframework.web.servlet.resource.ResourceHttpRequestHandler]
2018-07-30 13:37:00.575  INFO 6488 --- [main] o.s.w.s.handler.SimpleUrlHandlerMapping  : Mapped URL path [/**] onto handler of type [class org.springframework.web.servlet.resource.ResourceHttpRequestHandler]
2018-07-30 13:37:00.825  INFO 6488 --- [main] o.s.w.s.v.f.FreeMarkerConfigurer         : ClassTemplateLoader for Spring macros added to FreeMarker configuration
2018-07-30 13:37:01.036  INFO 6488 --- [main] o.s.j.e.a.AnnotationMBeanExporter        : Registering beans for JMX exposure on startup
2018-07-30 13:37:01.039  INFO 6488 --- [main] o.s.j.e.a.AnnotationMBeanExporter        : Bean with name 'dataSource' has been autodetected for JMX exposure
2018-07-30 13:37:01.045  INFO 6488 --- [main] o.s.j.e.a.AnnotationMBeanExporter        : Located MBean 'dataSource': registering with JMX server as MBean [com.zaxxer.hikari:name=dataSource,type=HikariDataSource]
2018-07-30 13:37:01.097  INFO 6488 --- [main] o.s.b.w.embedded.tomcat.TomcatWebServer  : Tomcat started on port(s): 8888 (http) with context path ''
2018-07-30 13:37:01.101  INFO 6488 --- [main] com.example.Application                  : Started Application in 3.395 seconds (JVM running for 4.181)
2018-07-30 13:38:27.722  INFO 7092 --- [main] c.example.application.ApplicationTests   : Starting ApplicationTests on 2013-20160304LW with PID 7092 (started by Administrator in D:\DEMO\Spring-Boot-Demo2.0.3\Spring-Boot-Demo2.0.3)
2018-07-30 13:38:27.730  INFO 7092 --- [main] c.example.application.ApplicationTests   : The following profiles are active: dev
2018-07-30 13:38:27.775  INFO 7092 --- [main] o.s.w.c.s.GenericWebApplicationContext   : Refreshing org.springframework.web.context.support.GenericWebApplicationContext@bd9d24: startup date [Mon Jul 30 13:38:27 CST 2018]; root of context hierarchy
2018-07-30 13:38:29.533  INFO 7092 --- [main] o.s.w.s.handler.SimpleUrlHandlerMapping  : Mapped URL path [/**/favicon.ico] onto handler of type [class org.springframework.web.servlet.resource.ResourceHttpRequestHandler]
2018-07-30 13:38:29.813  INFO 7092 --- [main] s.w.s.m.m.a.RequestMappingHandlerAdapter : Looking for @ControllerAdvice: org.springframework.web.context.support.GenericWebApplicationContext@bd9d24: startup date [Mon Jul 30 13:38:27 CST 2018]; root of context hierarchy
2018-07-30 13:38:29.887  INFO 7092 --- [main] s.w.s.m.m.a.RequestMappingHandlerMapping : Mapped "{[/findCompanyAgent]}" onto public java.util.Map<java.lang.String, java.lang.Object> com.example.controller.CompanyAgentController.findCompanyAgent()
2018-07-30 13:38:29.888  INFO 7092 --- [main] s.w.s.m.m.a.RequestMappingHandlerMapping : Mapped "{[/index]}" onto public java.lang.String com.example.controller.IndexController.index()
2018-07-30 13:38:29.889  INFO 7092 --- [main] s.w.s.m.m.a.RequestMappingHandlerMapping : Mapped "{[/hello]}" onto public java.lang.String com.example.controller.IndexController.hello(java.lang.Integer)
2018-07-30 13:38:29.889  INFO 7092 --- [main] s.w.s.m.m.a.RequestMappingHandlerMapping : Mapped "{[/]}" onto public java.lang.String com.example.controller.IndexHelloController.about(java.util.Map<java.lang.String, java.lang.Object>)
2018-07-30 13:38:29.890  INFO 7092 --- [main] s.w.s.m.m.a.RequestMappingHandlerMapping : Mapped "{[/ftlIndex]}" onto public java.lang.String com.example.controller.IndexHelloController.ftlIndex(java.util.Map<java.lang.String, java.lang.Object>)
2018-07-30 13:38:29.891  INFO 7092 --- [main] s.w.s.m.m.a.RequestMappingHandlerMapping : Mapped "{[/error]}" onto public org.springframework.http.ResponseEntity<java.util.Map<java.lang.String, java.lang.Object>> org.springframework.boot.autoconfigure.web.servlet.error.BasicErrorController.error(javax.servlet.http.HttpServletRequest)
2018-07-30 13:38:29.892  INFO 7092 --- [main] s.w.s.m.m.a.RequestMappingHandlerMapping : Mapped "{[/error],produces=[text/html]}" onto public org.springframework.web.servlet.ModelAndView org.springframework.boot.autoconfigure.web.servlet.error.BasicErrorController.errorHtml(javax.servlet.http.HttpServletRequest,javax.servlet.http.HttpServletResponse)
2018-07-30 13:38:29.951  INFO 7092 --- [main] o.s.w.s.handler.SimpleUrlHandlerMapping  : Mapped URL path [/webjars/**] onto handler of type [class org.springframework.web.servlet.resource.ResourceHttpRequestHandler]
2018-07-30 13:38:29.951  INFO 7092 --- [main] o.s.w.s.handler.SimpleUrlHandlerMapping  : Mapped URL path [/**] onto handler of type [class org.springframework.web.servlet.resource.ResourceHttpRequestHandler]
2018-07-30 13:38:30.324  INFO 7092 --- [main] o.s.w.s.v.f.FreeMarkerConfigurer         : ClassTemplateLoader for Spring macros added to FreeMarker configuration
2018-07-30 13:38:30.738  INFO 7092 --- [main] c.example.application.ApplicationTests   : Started ApplicationTests in 3.41 seconds (JVM running for 4.236)
2018-07-30 13:38:30.909  INFO 7092 --- [Thread-2] o.s.w.c.s.GenericWebApplicationContext   : Closing org.springframework.web.context.support.GenericWebApplicationContext@bd9d24: startup date [Mon Jul 30 13:38:27 CST 2018]; root of context hierarchy
2018-07-30 13:38:41.122  INFO 544 --- [main] com.example.Application                  : Starting Application on 2013-20160304LW with PID 544 (D:\DEMO\Spring-Boot-Demo2.0.3\Spring-Boot-Demo2.0.3\target\classes started by Administrator in D:\DEMO\Spring-Boot-Demo2.0.3\Spring-Boot-Demo2.0.3)
2018-07-30 13:38:41.125  INFO 544 --- [main] com.example.Application                  : The following profiles are active: dev
2018-07-30 13:38:41.178  INFO 544 --- [main] ConfigServletWebServerApplicationContext : Refreshing org.springframework.boot.web.servlet.context.AnnotationConfigServletWebServerApplicationContext@d3ccb2: startup date [Mon Jul 30 13:38:41 CST 2018]; root of context hierarchy
2018-07-30 13:38:42.397  INFO 544 --- [main] o.s.b.w.embedded.tomcat.TomcatWebServer  : Tomcat initialized with port(s): 8888 (http)
2018-07-30 13:38:42.415  INFO 544 --- [main] o.apache.catalina.core.StandardService   : Starting service [Tomcat]
2018-07-30 13:38:42.415  INFO 544 --- [main] org.apache.catalina.core.StandardEngine  : Starting Servlet Engine: Apache Tomcat/8.5.31
2018-07-30 13:38:42.418  INFO 544 --- [localhost-startStop-1] o.a.catalina.core.AprLifecycleListener   : The APR based Apache Tomcat Native library which allows optimal performance in production environments was not found on the java.library.path: [C:\Program Files (x86)\Java\jdk1.8.0_181\bin;C:\Windows\Sun\Java\bin;C:\Windows\system32;C:\Windows;C:\Program Files (x86)\Common Files\Oracle\Java\javapath;C:\Windows\system32;C:\Windows;C:\Windows\System32\Wbem;C:\Windows\System32\WindowsPowerShell\v1.0\;C:\Program Files (x86)\Windows7Master;C:\Program Files (x86)\Java\jdk1.8.0_181\bin;D:\develop\Git\cmd;C:\Program Files\TortoiseSVN\bin;C:\Python27;.]
2018-07-30 13:38:42.499  INFO 544 --- [localhost-startStop-1] o.a.c.c.C.[Tomcat].[localhost].[/]       : Initializing Spring embedded WebApplicationContext
2018-07-30 13:38:42.499  INFO 544 --- [localhost-startStop-1] o.s.web.context.ContextLoader            : Root WebApplicationContext: initialization completed in 1321 ms
2018-07-30 13:38:42.685  INFO 544 --- [localhost-startStop-1] o.s.b.w.servlet.ServletRegistrationBean  : Servlet dispatcherServlet mapped to [/]
2018-07-30 13:38:42.691  INFO 544 --- [localhost-startStop-1] o.s.b.w.servlet.FilterRegistrationBean   : Mapping filter: 'characterEncodingFilter' to: [/*]
2018-07-30 13:38:42.692  INFO 544 --- [localhost-startStop-1] o.s.b.w.servlet.FilterRegistrationBean   : Mapping filter: 'hiddenHttpMethodFilter' to: [/*]
2018-07-30 13:38:42.692  INFO 544 --- [localhost-startStop-1] o.s.b.w.servlet.FilterRegistrationBean   : Mapping filter: 'httpPutFormContentFilter' to: [/*]
2018-07-30 13:38:42.692  INFO 544 --- [localhost-startStop-1] o.s.b.w.servlet.FilterRegistrationBean   : Mapping filter: 'requestContextFilter' to: [/*]
2018-07-30 13:38:43.066  INFO 544 --- [main] o.s.w.s.handler.SimpleUrlHandlerMapping  : Mapped URL path [/**/favicon.ico] onto handler of type [class org.springframework.web.servlet.resource.ResourceHttpRequestHandler]
2018-07-30 13:38:43.379  INFO 544 --- [main] s.w.s.m.m.a.RequestMappingHandlerAdapter : Looking for @ControllerAdvice: org.springframework.boot.web.servlet.context.AnnotationConfigServletWebServerApplicationContext@d3ccb2: startup date [Mon Jul 30 13:38:41 CST 2018]; root of context hierarchy
2018-07-30 13:38:43.436  INFO 544 --- [main] s.w.s.m.m.a.RequestMappingHandlerMapping : Mapped "{[/findCompanyAgent]}" onto public java.util.Map<java.lang.String, java.lang.Object> com.example.controller.CompanyAgentController.findCompanyAgent()
2018-07-30 13:38:43.437  INFO 544 --- [main] s.w.s.m.m.a.RequestMappingHandlerMapping : Mapped "{[/index]}" onto public java.lang.String com.example.controller.IndexController.index()
2018-07-30 13:38:43.438  INFO 544 --- [main] s.w.s.m.m.a.RequestMappingHandlerMapping : Mapped "{[/hello]}" onto public java.lang.String com.example.controller.IndexController.hello(java.lang.Integer)
2018-07-30 13:38:43.439  INFO 544 --- [main] s.w.s.m.m.a.RequestMappingHandlerMapping : Mapped "{[/]}" onto public java.lang.String com.example.controller.IndexHelloController.about(java.util.Map<java.lang.String, java.lang.Object>)
2018-07-30 13:38:43.440  INFO 544 --- [main] s.w.s.m.m.a.RequestMappingHandlerMapping : Mapped "{[/ftlIndex]}" onto public java.lang.String com.example.controller.IndexHelloController.ftlIndex(java.util.Map<java.lang.String, java.lang.Object>)
2018-07-30 13:38:43.443  INFO 544 --- [main] s.w.s.m.m.a.RequestMappingHandlerMapping : Mapped "{[/error]}" onto public org.springframework.http.ResponseEntity<java.util.Map<java.lang.String, java.lang.Object>> org.springframework.boot.autoconfigure.web.servlet.error.BasicErrorController.error(javax.servlet.http.HttpServletRequest)
2018-07-30 13:38:43.445  INFO 544 --- [main] s.w.s.m.m.a.RequestMappingHandlerMapping : Mapped "{[/error],produces=[text/html]}" onto public org.springframework.web.servlet.ModelAndView org.springframework.boot.autoconfigure.web.servlet.error.BasicErrorController.errorHtml(javax.servlet.http.HttpServletRequest,javax.servlet.http.HttpServletResponse)
2018-07-30 13:38:43.488  INFO 544 --- [main] o.s.w.s.handler.SimpleUrlHandlerMapping  : Mapped URL path [/webjars/**] onto handler of type [class org.springframework.web.servlet.resource.ResourceHttpRequestHandler]
2018-07-30 13:38:43.488  INFO 544 --- [main] o.s.w.s.handler.SimpleUrlHandlerMapping  : Mapped URL path [/**] onto handler of type [class org.springframework.web.servlet.resource.ResourceHttpRequestHandler]
2018-07-30 13:38:43.748  INFO 544 --- [main] o.s.w.s.v.f.FreeMarkerConfigurer         : ClassTemplateLoader for Spring macros added to FreeMarker configuration
2018-07-30 13:38:43.923  INFO 544 --- [main] o.s.j.e.a.AnnotationMBeanExporter        : Registering beans for JMX exposure on startup
2018-07-30 13:38:43.924  INFO 544 --- [main] o.s.j.e.a.AnnotationMBeanExporter        : Bean with name 'dataSource' has been autodetected for JMX exposure
2018-07-30 13:38:43.928  INFO 544 --- [main] o.s.j.e.a.AnnotationMBeanExporter        : Located MBean 'dataSource': registering with JMX server as MBean [com.zaxxer.hikari:name=dataSource,type=HikariDataSource]
2018-07-30 13:38:43.967  INFO 544 --- [main] o.s.b.w.embedded.tomcat.TomcatWebServer  : Tomcat started on port(s): 8888 (http) with context path ''
2018-07-30 13:38:43.970  INFO 544 --- [main] com.example.Application                  : Started Application in 3.461 seconds (JVM running for 4.151)
2018-07-30 13:38:51.487  INFO 544 --- [http-nio-8888-exec-1] o.a.c.c.C.[Tomcat].[localhost].[/]       : Initializing Spring FrameworkServlet 'dispatcherServlet'
2018-07-30 13:38:51.487  INFO 544 --- [http-nio-8888-exec-1] o.s.web.servlet.DispatcherServlet        : FrameworkServlet 'dispatcherServlet': initialization started
2018-07-30 13:38:51.518  INFO 544 --- [http-nio-8888-exec-1] o.s.web.servlet.DispatcherServlet        : FrameworkServlet 'dispatcherServlet': initialization completed in 31 ms
2018-07-30 13:38:51.569  INFO 544 --- [http-nio-8888-exec-1] com.zaxxer.hikari.HikariDataSource       : HikariPool-1 - Starting...
2018-07-30 13:38:52.299  INFO 544 --- [http-nio-8888-exec-1] com.zaxxer.hikari.HikariDataSource       : HikariPool-1 - Start completed.
2018-07-30 13:38:52.305  INFO 544 --- [http-nio-8888-exec-1] com.example.aop.WebLogAspect             : 前置通知
2018-07-30 13:38:52.305  INFO 544 --- [http-nio-8888-exec-1] com.example.aop.WebLogAspect             : URL : http://192.168.0.46:8888/findCompanyAgent
2018-07-30 13:38:52.305  INFO 544 --- [http-nio-8888-exec-1] com.example.aop.WebLogAspect             : HTTP_METHOD : GET
2018-07-30 13:38:52.306  INFO 544 --- [http-nio-8888-exec-1] com.example.aop.WebLogAspect             : IP : 192.168.0.46
2018-07-30 13:38:52.307  INFO 544 --- [http-nio-8888-exec-1] com.example.aop.WebLogAspect             : CLASS_METHOD : com.example.controller.CompanyAgentController.findCompanyAgent
2018-07-30 13:38:52.307  INFO 544 --- [http-nio-8888-exec-1] com.example.aop.WebLogAspect             : ARGS : []
2018-07-30 13:38:52.330 ERROR 544 --- [http-nio-8888-exec-1] o.a.c.c.C.[.[.[/].[dispatcherServlet]    : Servlet.service() for servlet [dispatcherServlet] in context with path [] threw exception [Request processing failed; nested exception is org.apache.ibatis.binding.BindingException: Invalid bound statement (not found): com.example.dao.CompanyAgentDao.findById] with root cause

org.apache.ibatis.binding.BindingException: Invalid bound statement (not found): com.example.dao.CompanyAgentDao.findById
	at org.apache.ibatis.binding.MapperMethod$SqlCommand.<init>(MapperMethod.java:214)
	at org.apache.ibatis.binding.MapperMethod.<init>(MapperMethod.java:48)
	at org.apache.ibatis.binding.MapperProxy.cachedMapperMethod(MapperProxy.java:59)
	at org.apache.ibatis.binding.MapperProxy.invoke(MapperProxy.java:52)
	at com.sun.proxy.$Proxy73.findById(Unknown Source)
	at com.example.service.CompanyAgentService.findById(CompanyAgentService.java:25)
	at com.example.controller.CompanyAgentController.findCompanyAgent(CompanyAgentController.java:27)
	at com.example.controller.CompanyAgentController$$FastClassBySpringCGLIB$$11922545.invoke(<generated>)
	at org.springframework.cglib.proxy.MethodProxy.invoke(MethodProxy.java:204)
	at org.springframework.aop.framework.CglibAopProxy$CglibMethodInvocation.invokeJoinpoint(CglibAopProxy.java:746)
	at org.springframework.aop.framework.ReflectiveMethodInvocation.proceed(ReflectiveMethodInvocation.java:163)
	at org.springframework.aop.framework.adapter.MethodBeforeAdviceInterceptor.invoke(MethodBeforeAdviceInterceptor.java:52)
	at org.springframework.aop.framework.ReflectiveMethodInvocation.proceed(ReflectiveMethodInvocation.java:185)
	at org.springframework.aop.framework.adapter.AfterReturningAdviceInterceptor.invoke(AfterReturningAdviceInterceptor.java:52)
	at org.springframework.aop.framework.ReflectiveMethodInvocation.proceed(ReflectiveMethodInvocation.java:185)
	at org.springframework.transaction.interceptor.TransactionAspectSupport.invokeWithinTransaction(TransactionAspectSupport.java:294)
	at org.springframework.transaction.interceptor.TransactionInterceptor.invoke(TransactionInterceptor.java:98)
	at org.springframework.aop.framework.ReflectiveMethodInvocation.proceed(ReflectiveMethodInvocation.java:185)
	at org.springframework.aop.interceptor.ExposeInvocationInterceptor.invoke(ExposeInvocationInterceptor.java:92)
	at org.springframework.aop.framework.ReflectiveMethodInvocation.proceed(ReflectiveMethodInvocation.java:185)
	at org.springframework.aop.framework.CglibAopProxy$DynamicAdvisedInterceptor.intercept(CglibAopProxy.java:688)
	at com.example.controller.CompanyAgentController$$EnhancerBySpringCGLIB$$2b0447cb.findCompanyAgent(<generated>)
	at sun.reflect.NativeMethodAccessorImpl.invoke0(Native Method)
	at sun.reflect.NativeMethodAccessorImpl.invoke(NativeMethodAccessorImpl.java:62)
	at sun.reflect.DelegatingMethodAccessorImpl.invoke(DelegatingMethodAccessorImpl.java:43)
	at java.lang.reflect.Method.invoke(Method.java:498)
	at org.springframework.web.method.support.InvocableHandlerMethod.doInvoke(InvocableHandlerMethod.java:209)
	at org.springframework.web.method.support.InvocableHandlerMethod.invokeForRequest(InvocableHandlerMethod.java:136)
	at org.springframework.web.servlet.mvc.method.annotation.ServletInvocableHandlerMethod.invokeAndHandle(ServletInvocableHandlerMethod.java:102)
	at org.springframework.web.servlet.mvc.method.annotation.RequestMappingHandlerAdapter.invokeHandlerMethod(RequestMappingHandlerAdapter.java:877)
	at org.springframework.web.servlet.mvc.method.annotation.RequestMappingHandlerAdapter.handleInternal(RequestMappingHandlerAdapter.java:783)
	at org.springframework.web.servlet.mvc.method.AbstractHandlerMethodAdapter.handle(AbstractHandlerMethodAdapter.java:87)
	at org.springframework.web.servlet.DispatcherServlet.doDispatch(DispatcherServlet.java:991)
	at org.springframework.web.servlet.DispatcherServlet.doService(DispatcherServlet.java:925)
	at org.springframework.web.servlet.FrameworkServlet.processRequest(FrameworkServlet.java:974)
	at org.springframework.web.servlet.FrameworkServlet.doGet(FrameworkServlet.java:866)
	at javax.servlet.http.HttpServlet.service(HttpServlet.java:635)
	at org.springframework.web.servlet.FrameworkServlet.service(FrameworkServlet.java:851)
	at javax.servlet.http.HttpServlet.service(HttpServlet.java:742)
	at org.apache.catalina.core.ApplicationFilterChain.internalDoFilter(ApplicationFilterChain.java:231)
	at org.apache.catalina.core.ApplicationFilterChain.doFilter(ApplicationFilterChain.java:166)
	at org.apache.tomcat.websocket.server.WsFilter.doFilter(WsFilter.java:52)
	at org.apache.catalina.core.ApplicationFilterChain.internalDoFilter(ApplicationFilterChain.java:193)
	at org.apache.catalina.core.ApplicationFilterChain.doFilter(ApplicationFilterChain.java:166)
	at org.springframework.web.filter.RequestContextFilter.doFilterInternal(RequestContextFilter.java:99)
	at org.springframework.web.filter.OncePerRequestFilter.doFilter(OncePerRequestFilter.java:107)
	at org.apache.catalina.core.ApplicationFilterChain.internalDoFilter(ApplicationFilterChain.java:193)
	at org.apache.catalina.core.ApplicationFilterChain.doFilter(ApplicationFilterChain.java:166)
	at org.springframework.web.filter.HttpPutFormContentFilter.doFilterInternal(HttpPutFormContentFilter.java:109)
	at org.springframework.web.filter.OncePerRequestFilter.doFilter(OncePerRequestFilter.java:107)
	at org.apache.catalina.core.ApplicationFilterChain.internalDoFilter(ApplicationFilterChain.java:193)
	at org.apache.catalina.core.ApplicationFilterChain.doFilter(ApplicationFilterChain.java:166)
	at org.springframework.web.filter.HiddenHttpMethodFilter.doFilterInternal(HiddenHttpMethodFilter.java:93)
	at org.springframework.web.filter.OncePerRequestFilter.doFilter(OncePerRequestFilter.java:107)
	at org.apache.catalina.core.ApplicationFilterChain.internalDoFilter(ApplicationFilterChain.java:193)
	at org.apache.catalina.core.ApplicationFilterChain.doFilter(ApplicationFilterChain.java:166)
	at org.springframework.web.filter.CharacterEncodingFilter.doFilterInternal(CharacterEncodingFilter.java:200)
	at org.springframework.web.filter.OncePerRequestFilter.doFilter(OncePerRequestFilter.java:107)
	at org.apache.catalina.core.ApplicationFilterChain.internalDoFilter(ApplicationFilterChain.java:193)
	at org.apache.catalina.core.ApplicationFilterChain.doFilter(ApplicationFilterChain.java:166)
	at org.apache.catalina.core.StandardWrapperValve.invoke(StandardWrapperValve.java:198)
	at org.apache.catalina.core.StandardContextValve.invoke(StandardContextValve.java:96)
	at org.apache.catalina.authenticator.AuthenticatorBase.invoke(AuthenticatorBase.java:496)
	at org.apache.catalina.core.StandardHostValve.invoke(StandardHostValve.java:140)
	at org.apache.catalina.valves.ErrorReportValve.invoke(ErrorReportValve.java:81)
	at org.apache.catalina.core.StandardEngineValve.invoke(StandardEngineValve.java:87)
	at org.apache.catalina.connector.CoyoteAdapter.service(CoyoteAdapter.java:342)
	at org.apache.coyote.http11.Http11Processor.service(Http11Processor.java:803)
	at org.apache.coyote.AbstractProcessorLight.process(AbstractProcessorLight.java:66)
	at org.apache.coyote.AbstractProtocol$ConnectionHandler.process(AbstractProtocol.java:790)
	at org.apache.tomcat.util.net.NioEndpoint$SocketProcessor.doRun(NioEndpoint.java:1468)
	at org.apache.tomcat.util.net.SocketProcessorBase.run(SocketProcessorBase.java:49)
	at java.util.concurrent.ThreadPoolExecutor.runWorker(ThreadPoolExecutor.java:1149)
	at java.util.concurrent.ThreadPoolExecutor$Worker.run(ThreadPoolExecutor.java:624)
	at org.apache.tomcat.util.threads.TaskThread$WrappingRunnable.run(TaskThread.java:61)
	at java.lang.Thread.run(Thread.java:748)

