2018-07-30 17:04:44.552  INFO 4732 --- [main] com.example.Application                  : Starting Application on 2013-20160304LW with PID 4732 (D:\DEMO\Spring-Boot-Demo2.0.3\Spring-Boot-Demo2.0.3\target\classes started by Administrator in D:\DEMO\Spring-Boot-Demo2.0.3\Spring-Boot-Demo2.0.3)
2018-07-30 17:04:44.559  INFO 4732 --- [main] com.example.Application                  : The following profiles are active: dev
2018-07-30 17:04:44.637  INFO 4732 --- [main] ConfigServletWebServerApplicationContext : Refreshing org.springframework.boot.web.servlet.context.AnnotationConfigServletWebServerApplicationContext@ddbd7e: startup date [Mon Jul 30 17:04:44 CST 2018]; root of context hierarchy
2018-07-30 17:04:45.853  INFO 4732 --- [main] o.s.b.w.embedded.tomcat.TomcatWebServer  : Tomcat initialized with port(s): 8888 (http)
2018-07-30 17:04:45.874  INFO 4732 --- [main] o.apache.catalina.core.StandardService   : Starting service [Tomcat]
2018-07-30 17:04:45.874  INFO 4732 --- [main] org.apache.catalina.core.StandardEngine  : Starting Servlet Engine: Apache Tomcat/8.5.31
2018-07-30 17:04:45.877  INFO 4732 --- [localhost-startStop-1] o.a.catalina.core.AprLifecycleListener   : The APR based Apache Tomcat Native library which allows optimal performance in production environments was not found on the java.library.path: [C:\Program Files (x86)\Java\jdk1.8.0_181\bin;C:\Windows\Sun\Java\bin;C:\Windows\system32;C:\Windows;C:\Program Files (x86)\Common Files\Oracle\Java\javapath;C:\Windows\system32;C:\Windows;C:\Windows\System32\Wbem;C:\Windows\System32\WindowsPowerShell\v1.0\;C:\Program Files (x86)\Windows7Master;C:\Program Files (x86)\Java\jdk1.8.0_181\bin;D:\develop\Git\cmd;C:\Program Files\TortoiseSVN\bin;C:\Python27;.]
2018-07-30 17:04:45.959  INFO 4732 --- [localhost-startStop-1] o.a.c.c.C.[Tomcat].[localhost].[/]       : Initializing Spring embedded WebApplicationContext
2018-07-30 17:04:45.959  INFO 4732 --- [localhost-startStop-1] o.s.web.context.ContextLoader            : Root WebApplicationContext: initialization completed in 1322 ms
2018-07-30 17:04:46.081  INFO 4732 --- [localhost-startStop-1] o.s.b.w.servlet.ServletRegistrationBean  : Servlet dispatcherServlet mapped to [/]
2018-07-30 17:04:46.087  INFO 4732 --- [localhost-startStop-1] o.s.b.w.servlet.FilterRegistrationBean   : Mapping filter: 'characterEncodingFilter' to: [/*]
2018-07-30 17:04:46.087  INFO 4732 --- [localhost-startStop-1] o.s.b.w.servlet.FilterRegistrationBean   : Mapping filter: 'hiddenHttpMethodFilter' to: [/*]
2018-07-30 17:04:46.088  INFO 4732 --- [localhost-startStop-1] o.s.b.w.servlet.FilterRegistrationBean   : Mapping filter: 'httpPutFormContentFilter' to: [/*]
2018-07-30 17:04:46.088  INFO 4732 --- [localhost-startStop-1] o.s.b.w.servlet.FilterRegistrationBean   : Mapping filter: 'requestContextFilter' to: [/*]
2018-07-30 17:04:46.452  INFO 4732 --- [main] o.s.w.s.handler.SimpleUrlHandlerMapping  : Mapped URL path [/**/favicon.ico] onto handler of type [class org.springframework.web.servlet.resource.ResourceHttpRequestHandler]
2018-07-30 17:04:46.691  INFO 4732 --- [main] s.w.s.m.m.a.RequestMappingHandlerAdapter : Looking for @ControllerAdvice: org.springframework.boot.web.servlet.context.AnnotationConfigServletWebServerApplicationContext@ddbd7e: startup date [Mon Jul 30 17:04:44 CST 2018]; root of context hierarchy
2018-07-30 17:04:46.745  INFO 4732 --- [main] s.w.s.m.m.a.RequestMappingHandlerMapping : Mapped "{[/findCompanyAgent]}" onto public java.util.Map<java.lang.String, java.lang.Object> com.example.controller.CompanyAgentController.findCompanyAgent()
2018-07-30 17:04:46.746  INFO 4732 --- [main] s.w.s.m.m.a.RequestMappingHandlerMapping : Mapped "{[/addCompanyAgent]}" onto public java.util.Map<java.lang.String, java.lang.Object> com.example.controller.CompanyAgentController.addCompanyAgent()
2018-07-30 17:04:46.747  INFO 4732 --- [main] s.w.s.m.m.a.RequestMappingHandlerMapping : Mapped "{[/index]}" onto public java.lang.String com.example.controller.IndexController.index()
2018-07-30 17:04:46.748  INFO 4732 --- [main] s.w.s.m.m.a.RequestMappingHandlerMapping : Mapped "{[/hello]}" onto public java.lang.String com.example.controller.IndexController.hello(java.lang.Integer)
2018-07-30 17:04:46.749  INFO 4732 --- [main] s.w.s.m.m.a.RequestMappingHandlerMapping : Mapped "{[/]}" onto public java.lang.String com.example.controller.IndexHelloController.about(java.util.Map<java.lang.String, java.lang.Object>)
2018-07-30 17:04:46.749  INFO 4732 --- [main] s.w.s.m.m.a.RequestMappingHandlerMapping : Mapped "{[/ftlIndex]}" onto public java.lang.String com.example.controller.IndexHelloController.ftlIndex(java.util.Map<java.lang.String, java.lang.Object>)
2018-07-30 17:04:46.752  INFO 4732 --- [main] s.w.s.m.m.a.RequestMappingHandlerMapping : Mapped "{[/error]}" onto public org.springframework.http.ResponseEntity<java.util.Map<java.lang.String, java.lang.Object>> org.springframework.boot.autoconfigure.web.servlet.error.BasicErrorController.error(javax.servlet.http.HttpServletRequest)
2018-07-30 17:04:46.753  INFO 4732 --- [main] s.w.s.m.m.a.RequestMappingHandlerMapping : Mapped "{[/error],produces=[text/html]}" onto public org.springframework.web.servlet.ModelAndView org.springframework.boot.autoconfigure.web.servlet.error.BasicErrorController.errorHtml(javax.servlet.http.HttpServletRequest,javax.servlet.http.HttpServletResponse)
2018-07-30 17:04:46.793  INFO 4732 --- [main] o.s.w.s.handler.SimpleUrlHandlerMapping  : Mapped URL path [/webjars/**] onto handler of type [class org.springframework.web.servlet.resource.ResourceHttpRequestHandler]
2018-07-30 17:04:46.793  INFO 4732 --- [main] o.s.w.s.handler.SimpleUrlHandlerMapping  : Mapped URL path [/**] onto handler of type [class org.springframework.web.servlet.resource.ResourceHttpRequestHandler]
2018-07-30 17:04:47.047  INFO 4732 --- [main] o.s.w.s.v.f.FreeMarkerConfigurer         : ClassTemplateLoader for Spring macros added to FreeMarker configuration
2018-07-30 17:04:47.256  INFO 4732 --- [main] o.s.j.e.a.AnnotationMBeanExporter        : Registering beans for JMX exposure on startup
2018-07-30 17:04:47.258  INFO 4732 --- [main] o.s.j.e.a.AnnotationMBeanExporter        : Bean with name 'dataSource' has been autodetected for JMX exposure
2018-07-30 17:04:47.269  INFO 4732 --- [main] o.s.j.e.a.AnnotationMBeanExporter        : Located MBean 'dataSource': registering with JMX server as MBean [com.zaxxer.hikari:name=dataSource,type=HikariDataSource]
2018-07-30 17:04:47.308  INFO 4732 --- [main] o.s.b.w.embedded.tomcat.TomcatWebServer  : Tomcat started on port(s): 8888 (http) with context path ''
2018-07-30 17:04:47.312  INFO 4732 --- [main] com.example.Application                  : Started Application in 3.291 seconds (JVM running for 3.927)
