2018-07-30 16:54:01.209  INFO 5280 --- [main] o.s.b.w.embedded.tomcat.TomcatWebServer  : Tomcat initialized with port(s): 8888 (http)
2018-07-30 16:54:01.235  INFO 5280 --- [main] o.apache.catalina.core.StandardService   : Starting service [Tomcat]
2018-07-30 16:54:01.235  INFO 5280 --- [main] org.apache.catalina.core.StandardEngine  : Starting Servlet Engine: Apache Tomcat/8.5.31
2018-07-30 16:54:01.239  INFO 5280 --- [localhost-startStop-1] o.a.catalina.core.AprLifecycleListener   : The APR based Apache Tomcat Native library which allows optimal performance in production environments was not found on the java.library.path: [C:\Program Files (x86)\Java\jdk1.8.0_181\bin;C:\Windows\Sun\Java\bin;C:\Windows\system32;C:\Windows;C:\Program Files (x86)\Common Files\Oracle\Java\javapath;C:\Windows\system32;C:\Windows;C:\Windows\System32\Wbem;C:\Windows\System32\WindowsPowerShell\v1.0\;C:\Program Files (x86)\Windows7Master;C:\Program Files (x86)\Java\jdk1.8.0_181\bin;D:\develop\Git\cmd;C:\Program Files\TortoiseSVN\bin;C:\Python27;.]
2018-07-30 16:54:01.317  INFO 5280 --- [localhost-startStop-1] o.a.c.c.C.[Tomcat].[localhost].[/]       : Initializing Spring embedded WebApplicationContext
2018-07-30 16:54:01.318  INFO 5280 --- [localhost-startStop-1] o.s.web.context.ContextLoader            : Root WebApplicationContext: initialization completed in 1385 ms
2018-07-30 16:54:01.445  INFO 5280 --- [localhost-startStop-1] o.s.b.w.servlet.ServletRegistrationBean  : Servlet dispatcherServlet mapped to [/]
2018-07-30 16:54:01.448  INFO 5280 --- [localhost-startStop-1] o.s.b.w.servlet.FilterRegistrationBean   : Mapping filter: 'characterEncodingFilter' to: [/*]
2018-07-30 16:54:01.449  INFO 5280 --- [localhost-startStop-1] o.s.b.w.servlet.FilterRegistrationBean   : Mapping filter: 'hiddenHttpMethodFilter' to: [/*]
2018-07-30 16:54:01.449  INFO 5280 --- [localhost-startStop-1] o.s.b.w.servlet.FilterRegistrationBean   : Mapping filter: 'httpPutFormContentFilter' to: [/*]
2018-07-30 16:54:01.449  INFO 5280 --- [localhost-startStop-1] o.s.b.w.servlet.FilterRegistrationBean   : Mapping filter: 'requestContextFilter' to: [/*]
2018-07-30 16:54:01.809  INFO 5280 --- [main] o.s.w.s.handler.SimpleUrlHandlerMapping  : Mapped URL path [/**/favicon.ico] onto handler of type [class org.springframework.web.servlet.resource.ResourceHttpRequestHandler]
2018-07-30 16:54:02.039  INFO 5280 --- [main] s.w.s.m.m.a.RequestMappingHandlerAdapter : Looking for @ControllerAdvice: org.springframework.boot.web.servlet.context.AnnotationConfigServletWebServerApplicationContext@57f613: startup date [Mon Jul 30 16:53:59 CST 2018]; root of context hierarchy
2018-07-30 16:54:02.094  INFO 5280 --- [main] s.w.s.m.m.a.RequestMappingHandlerMapping : Mapped "{[/findCompanyAgent]}" onto public java.util.Map<java.lang.String, java.lang.Object> com.example.controller.CompanyAgentController.findCompanyAgent()
2018-07-30 16:54:02.095  INFO 5280 --- [main] s.w.s.m.m.a.RequestMappingHandlerMapping : Mapped "{[/addCompanyAgent]}" onto public java.util.Map<java.lang.String, java.lang.Object> com.example.controller.CompanyAgentController.addCompanyAgent()
2018-07-30 16:54:02.096  INFO 5280 --- [main] s.w.s.m.m.a.RequestMappingHandlerMapping : Mapped "{[/index]}" onto public java.lang.String com.example.controller.IndexController.index()
2018-07-30 16:54:02.098  INFO 5280 --- [main] s.w.s.m.m.a.RequestMappingHandlerMapping : Mapped "{[/hello]}" onto public java.lang.String com.example.controller.IndexController.hello(java.lang.Integer)
2018-07-30 16:54:02.099  INFO 5280 --- [main] s.w.s.m.m.a.RequestMappingHandlerMapping : Mapped "{[/]}" onto public java.lang.String com.example.controller.IndexHelloController.about(java.util.Map<java.lang.String, java.lang.Object>)
2018-07-30 16:54:02.099  INFO 5280 --- [main] s.w.s.m.m.a.RequestMappingHandlerMapping : Mapped "{[/ftlIndex]}" onto public java.lang.String com.example.controller.IndexHelloController.ftlIndex(java.util.Map<java.lang.String, java.lang.Object>)
2018-07-30 16:54:02.103  INFO 5280 --- [main] s.w.s.m.m.a.RequestMappingHandlerMapping : Mapped "{[/error]}" onto public org.springframework.http.ResponseEntity<java.util.Map<java.lang.String, java.lang.Object>> org.springframework.boot.autoconfigure.web.servlet.error.BasicErrorController.error(javax.servlet.http.HttpServletRequest)
2018-07-30 16:54:02.104  INFO 5280 --- [main] s.w.s.m.m.a.RequestMappingHandlerMapping : Mapped "{[/error],produces=[text/html]}" onto public org.springframework.web.servlet.ModelAndView org.springframework.boot.autoconfigure.web.servlet.error.BasicErrorController.errorHtml(javax.servlet.http.HttpServletRequest,javax.servlet.http.HttpServletResponse)
2018-07-30 16:54:02.139  INFO 5280 --- [main] o.s.w.s.handler.SimpleUrlHandlerMapping  : Mapped URL path [/webjars/**] onto handler of type [class org.springframework.web.servlet.resource.ResourceHttpRequestHandler]
2018-07-30 16:54:02.139  INFO 5280 --- [main] o.s.w.s.handler.SimpleUrlHandlerMapping  : Mapped URL path [/**] onto handler of type [class org.springframework.web.servlet.resource.ResourceHttpRequestHandler]
2018-07-30 16:54:02.408  INFO 5280 --- [main] o.s.w.s.v.f.FreeMarkerConfigurer         : ClassTemplateLoader for Spring macros added to FreeMarker configuration
2018-07-30 16:54:02.610  INFO 5280 --- [main] o.s.j.e.a.AnnotationMBeanExporter        : Registering beans for JMX exposure on startup
2018-07-30 16:54:02.612  INFO 5280 --- [main] o.s.j.e.a.AnnotationMBeanExporter        : Bean with name 'dataSource' has been autodetected for JMX exposure
2018-07-30 16:54:02.619  INFO 5280 --- [main] o.s.j.e.a.AnnotationMBeanExporter        : Located MBean 'dataSource': registering with JMX server as MBean [com.zaxxer.hikari:name=dataSource,type=HikariDataSource]
2018-07-30 16:54:02.656  INFO 5280 --- [main] o.s.b.w.embedded.tomcat.TomcatWebServer  : Tomcat started on port(s): 8888 (http) with context path ''
2018-07-30 16:54:02.660  INFO 5280 --- [main] com.example.Application                  : Started Application in 3.482 seconds (JVM running for 4.15)
2018-07-30 16:54:05.600  INFO 5280 --- [http-nio-8888-exec-1] o.a.c.c.C.[Tomcat].[localhost].[/]       : Initializing Spring FrameworkServlet 'dispatcherServlet'
2018-07-30 16:54:05.600  INFO 5280 --- [http-nio-8888-exec-1] o.s.web.servlet.DispatcherServlet        : FrameworkServlet 'dispatcherServlet': initialization started
2018-07-30 16:54:05.625  INFO 5280 --- [http-nio-8888-exec-1] o.s.web.servlet.DispatcherServlet        : FrameworkServlet 'dispatcherServlet': initialization completed in 24 ms
2018-07-30 16:54:05.646  INFO 5280 --- [http-nio-8888-exec-1] com.example.aop.WebLogAspect             : 前置通知
2018-07-30 16:54:05.646  INFO 5280 --- [http-nio-8888-exec-1] com.example.aop.WebLogAspect             : URL : http://192.168.0.46:8888/addCompanyAgent
2018-07-30 16:54:05.647  INFO 5280 --- [http-nio-8888-exec-1] com.example.aop.WebLogAspect             : HTTP_METHOD : GET
2018-07-30 16:54:05.647  INFO 5280 --- [http-nio-8888-exec-1] com.example.aop.WebLogAspect             : IP : 192.168.0.46
2018-07-30 16:54:05.648  INFO 5280 --- [http-nio-8888-exec-1] com.example.aop.WebLogAspect             : CLASS_METHOD : com.example.controller.CompanyAgentController.addCompanyAgent
2018-07-30 16:54:05.648  INFO 5280 --- [http-nio-8888-exec-1] com.example.aop.WebLogAspect             : ARGS : []
2018-07-30 16:54:05.655  INFO 5280 --- [http-nio-8888-exec-1] com.zaxxer.hikari.HikariDataSource       : HikariPool-1 - Starting...
2018-07-30 16:54:06.102  INFO 5280 --- [http-nio-8888-exec-1] com.zaxxer.hikari.HikariDataSource       : HikariPool-1 - Start completed.
2018-07-30 16:54:06.118  INFO 5280 --- [http-nio-8888-exec-1] com.example.aop.WebLogAspect             : 后置通知
2018-07-30 16:54:06.118  INFO 5280 --- [http-nio-8888-exec-1] com.example.aop.WebLogAspect             : RESPONSE : {CompanyAgent=CompanyAgent-insert}
2018-07-30 16:54:06.118  INFO 5280 --- [http-nio-8888-exec-1] com.example.aop.WebLogAspect             : SPEND TIME : 472
2018-07-30 16:54:42.480  INFO 9208 --- [main] com.example.Application                  : Starting Application on 2013-20160304LW with PID 9208 (D:\DEMO\Spring-Boot-Demo2.0.3\Spring-Boot-Demo2.0.3\target\classes started by Administrator in D:\DEMO\Spring-Boot-Demo2.0.3\Spring-Boot-Demo2.0.3)
2018-07-30 16:54:42.483  INFO 9208 --- [main] com.example.Application                  : The following profiles are active: dev
2018-07-30 16:54:42.531  INFO 9208 --- [main] ConfigServletWebServerApplicationContext : Refreshing org.springframework.boot.web.servlet.context.AnnotationConfigServletWebServerApplicationContext@57f613: startup date [Mon Jul 30 16:54:42 CST 2018]; root of context hierarchy
2018-07-30 16:54:43.731  INFO 9208 --- [main] o.s.b.w.embedded.tomcat.TomcatWebServer  : Tomcat initialized with port(s): 8888 (http)
2018-07-30 16:54:43.752  INFO 9208 --- [main] o.apache.catalina.core.StandardService   : Starting service [Tomcat]
2018-07-30 16:54:43.753  INFO 9208 --- [main] org.apache.catalina.core.StandardEngine  : Starting Servlet Engine: Apache Tomcat/8.5.31
2018-07-30 16:54:43.757  INFO 9208 --- [localhost-startStop-1] o.a.catalina.core.AprLifecycleListener   : The APR based Apache Tomcat Native library which allows optimal performance in production environments was not found on the java.library.path: [C:\Program Files (x86)\Java\jdk1.8.0_181\bin;C:\Windows\Sun\Java\bin;C:\Windows\system32;C:\Windows;C:\Program Files (x86)\Common Files\Oracle\Java\javapath;C:\Windows\system32;C:\Windows;C:\Windows\System32\Wbem;C:\Windows\System32\WindowsPowerShell\v1.0\;C:\Program Files (x86)\Windows7Master;C:\Program Files (x86)\Java\jdk1.8.0_181\bin;D:\develop\Git\cmd;C:\Program Files\TortoiseSVN\bin;C:\Python27;.]
2018-07-30 16:54:43.858  INFO 9208 --- [localhost-startStop-1] o.a.c.c.C.[Tomcat].[localhost].[/]       : Initializing Spring embedded WebApplicationContext
2018-07-30 16:54:43.858  INFO 9208 --- [localhost-startStop-1] o.s.web.context.ContextLoader            : Root WebApplicationContext: initialization completed in 1327 ms
2018-07-30 16:54:44.019  INFO 9208 --- [localhost-startStop-1] o.s.b.w.servlet.ServletRegistrationBean  : Servlet dispatcherServlet mapped to [/]
2018-07-30 16:54:44.024  INFO 9208 --- [localhost-startStop-1] o.s.b.w.servlet.FilterRegistrationBean   : Mapping filter: 'characterEncodingFilter' to: [/*]
2018-07-30 16:54:44.024  INFO 9208 --- [localhost-startStop-1] o.s.b.w.servlet.FilterRegistrationBean   : Mapping filter: 'hiddenHttpMethodFilter' to: [/*]
2018-07-30 16:54:44.024  INFO 9208 --- [localhost-startStop-1] o.s.b.w.servlet.FilterRegistrationBean   : Mapping filter: 'httpPutFormContentFilter' to: [/*]
2018-07-30 16:54:44.024  INFO 9208 --- [localhost-startStop-1] o.s.b.w.servlet.FilterRegistrationBean   : Mapping filter: 'requestContextFilter' to: [/*]
2018-07-30 16:54:44.380  INFO 9208 --- [main] o.s.w.s.handler.SimpleUrlHandlerMapping  : Mapped URL path [/**/favicon.ico] onto handler of type [class org.springframework.web.servlet.resource.ResourceHttpRequestHandler]
2018-07-30 16:54:44.582  INFO 9208 --- [main] s.w.s.m.m.a.RequestMappingHandlerAdapter : Looking for @ControllerAdvice: org.springframework.boot.web.servlet.context.AnnotationConfigServletWebServerApplicationContext@57f613: startup date [Mon Jul 30 16:54:42 CST 2018]; root of context hierarchy
2018-07-30 16:54:44.629  INFO 9208 --- [main] s.w.s.m.m.a.RequestMappingHandlerMapping : Mapped "{[/findCompanyAgent]}" onto public java.util.Map<java.lang.String, java.lang.Object> com.example.controller.CompanyAgentController.findCompanyAgent()
2018-07-30 16:54:44.630  INFO 9208 --- [main] s.w.s.m.m.a.RequestMappingHandlerMapping : Mapped "{[/addCompanyAgent]}" onto public java.util.Map<java.lang.String, java.lang.Object> com.example.controller.CompanyAgentController.addCompanyAgent()
2018-07-30 16:54:44.631  INFO 9208 --- [main] s.w.s.m.m.a.RequestMappingHandlerMapping : Mapped "{[/index]}" onto public java.lang.String com.example.controller.IndexController.index()
2018-07-30 16:54:44.632  INFO 9208 --- [main] s.w.s.m.m.a.RequestMappingHandlerMapping : Mapped "{[/hello]}" onto public java.lang.String com.example.controller.IndexController.hello(java.lang.Integer)
2018-07-30 16:54:44.632  INFO 9208 --- [main] s.w.s.m.m.a.RequestMappingHandlerMapping : Mapped "{[/]}" onto public java.lang.String com.example.controller.IndexHelloController.about(java.util.Map<java.lang.String, java.lang.Object>)
2018-07-30 16:54:44.633  INFO 9208 --- [main] s.w.s.m.m.a.RequestMappingHandlerMapping : Mapped "{[/ftlIndex]}" onto public java.lang.String com.example.controller.IndexHelloController.ftlIndex(java.util.Map<java.lang.String, java.lang.Object>)
2018-07-30 16:54:44.635  INFO 9208 --- [main] s.w.s.m.m.a.RequestMappingHandlerMapping : Mapped "{[/error]}" onto public org.springframework.http.ResponseEntity<java.util.Map<java.lang.String, java.lang.Object>> org.springframework.boot.autoconfigure.web.servlet.error.BasicErrorController.error(javax.servlet.http.HttpServletRequest)
2018-07-30 16:54:44.636  INFO 9208 --- [main] s.w.s.m.m.a.RequestMappingHandlerMapping : Mapped "{[/error],produces=[text/html]}" onto public org.springframework.web.servlet.ModelAndView org.springframework.boot.autoconfigure.web.servlet.error.BasicErrorController.errorHtml(javax.servlet.http.HttpServletRequest,javax.servlet.http.HttpServletResponse)
2018-07-30 16:54:44.668  INFO 9208 --- [main] o.s.w.s.handler.SimpleUrlHandlerMapping  : Mapped URL path [/webjars/**] onto handler of type [class org.springframework.web.servlet.resource.ResourceHttpRequestHandler]
2018-07-30 16:54:44.669  INFO 9208 --- [main] o.s.w.s.handler.SimpleUrlHandlerMapping  : Mapped URL path [/**] onto handler of type [class org.springframework.web.servlet.resource.ResourceHttpRequestHandler]
2018-07-30 16:54:44.868  INFO 9208 --- [main] o.s.w.s.v.f.FreeMarkerConfigurer         : ClassTemplateLoader for Spring macros added to FreeMarker configuration
2018-07-30 16:54:45.037  INFO 9208 --- [main] o.s.j.e.a.AnnotationMBeanExporter        : Registering beans for JMX exposure on startup
2018-07-30 16:54:45.038  INFO 9208 --- [main] o.s.j.e.a.AnnotationMBeanExporter        : Bean with name 'dataSource' has been autodetected for JMX exposure
2018-07-30 16:54:45.043  INFO 9208 --- [main] o.s.j.e.a.AnnotationMBeanExporter        : Located MBean 'dataSource': registering with JMX server as MBean [com.zaxxer.hikari:name=dataSource,type=HikariDataSource]
2018-07-30 16:54:45.081  INFO 9208 --- [main] o.s.b.w.embedded.tomcat.TomcatWebServer  : Tomcat started on port(s): 8888 (http) with context path ''
2018-07-30 16:54:45.087  INFO 9208 --- [main] com.example.Application                  : Started Application in 3.076 seconds (JVM running for 3.788)
